<?xml version="1.0" encoding="UTF-8"?>
<testsuite xmlns:xsi="http://www.w3.org/2001/XMLSchema-instance" xsi:noNamespaceSchemaLocation="https://maven.apache.org/surefire/maven-surefire-plugin/xsd/surefire-test-report-3.0.xsd" version="3.0" name="dev.galasa.openapi2beans.example.TestBeanForTestingAllPrimitivePropertyTypes" time="0.0" tests="1" errors="0" skipped="0" failures="0">
  <properties>
    <property name="awt.toolkit" value="sun.lwawt.macosx.LWCToolkit"/>
    <property name="jdk.extensions.version" value="11.0.16.1"/>
    <property name="file.encoding.pkg" value="sun.io"/>
    <property name="java.specification.version" value="11"/>
    <property name="sun.jnu.encoding" value="UTF-8"/>
    <property name="java.class.path" value="/Users/holly/code/src/github.com/techcobweb/openapi2beans/JavaChecker/target/test-classes:/Users/holly/code/src/github.com/techcobweb/openapi2beans/JavaChecker/target/classes:/Users/holly/.m2/repository/com/google/code/gson/gson/2.10.1/gson-2.10.1.jar:/Users/holly/.m2/repository/org/assertj/assertj-core/3.25.3/assertj-core-3.25.3.jar:/Users/holly/.m2/repository/net/bytebuddy/byte-buddy/1.14.11/byte-buddy-1.14.11.jar:/Users/holly/.m2/repository/junit/junit/4.13.2/junit-4.13.2.jar:/Users/holly/.m2/repository/org/hamcrest/hamcrest-core/1.3/hamcrest-core-1.3.jar:"/>
    <property name="java.vm.vendor" value="Eclipse OpenJ9"/>
    <property name="sun.arch.data.model" value="64"/>
    <property name="com.ibm.vm.bitmode" value="64"/>
    <property name="user.variant" value=""/>
    <property name="com.ibm.oti.vm.library.version" value="29"/>
    <property name="java.vendor.url" value="https://www.ibm.com/semeru-runtimes"/>
    <property name="user.timezone" value=""/>
    <property name="java.vm.specification.version" value="11"/>
    <property name="os.name" value="Mac OS X"/>
    <property name="sun.java.launcher" value="SUN_STANDARD"/>
    <property name="user.country" value="US"/>
    <property name="sun.boot.library.path" value="/Users/holly/.sdkman/candidates/java/11.0.16.1-sem/lib/default:/Users/holly/.sdkman/candidates/java/11.0.16.1-sem/lib"/>
    <property name="sun.java.command" value="/Users/holly/code/src/github.com/techcobweb/openapi2beans/JavaChecker/target/surefire/surefirebooter-20240315151315733_3.jar /Users/holly/code/src/github.com/techcobweb/openapi2beans/JavaChecker/target/surefire 2024-03-15T15-13-15_689-jvmRun1 surefire-20240315151315733_1tmp surefire_0-20240315151315733_2tmp"/>
    <property name="surefire.test.class.path" value="/Users/holly/code/src/github.com/techcobweb/openapi2beans/JavaChecker/target/test-classes:/Users/holly/code/src/github.com/techcobweb/openapi2beans/JavaChecker/target/classes:/Users/holly/.m2/repository/com/google/code/gson/gson/2.10.1/gson-2.10.1.jar:/Users/holly/.m2/repository/org/assertj/assertj-core/3.25.3/assertj-core-3.25.3.jar:/Users/holly/.m2/repository/net/bytebuddy/byte-buddy/1.14.11/byte-buddy-1.14.11.jar:/Users/holly/.m2/repository/junit/junit/4.13.2/junit-4.13.2.jar:/Users/holly/.m2/repository/org/hamcrest/hamcrest-core/1.3/hamcrest-core-1.3.jar:"/>
    <property name="sun.cpu.endian" value="little"/>
    <property name="user.home" value="/Users/holly"/>
    <property name="user.language" value="en"/>
    <property name="java.specification.vendor" value="Oracle Corporation"/>
    <property name="java.version.date" value="2022-08-12"/>
    <property name="java.home" value="/Users/holly/.sdkman/candidates/java/11.0.16.1-sem"/>
    <property name="ibm.signalhandling.rs" value="false"/>
    <property name="jdk.extensions.name" value="Extensions for OpenJDK for Eclipse OpenJ9"/>
    <property name="file.separator" value="/"/>
    <property name="basedir" value="/Users/holly/code/src/github.com/techcobweb/openapi2beans/JavaChecker"/>
    <property name="line.separator" value="&#10;"/>
    <property name="java.specification.name" value="Java Platform API Specification"/>
    <property name="java.vm.specification.vendor" value="Oracle Corporation"/>
    <property name="java.compiler" value="j9jit29"/>
    <property name="com.ibm.util.extralibs.properties" value=""/>
    <property name="java.awt.graphicsenv" value="sun.awt.CGraphicsEnvironment"/>
    <property name="com.ibm.oti.configuration" value="scar"/>
    <property name="surefire.real.class.path" value="/Users/holly/code/src/github.com/techcobweb/openapi2beans/JavaChecker/target/surefire/surefirebooter-20240315151315733_3.jar"/>
    <property name="com.ibm.oti.shared.enabled" value="false"/>
    <property name="com.ibm.oti.vm.bootstrap.library.path" value="/Users/holly/.sdkman/candidates/java/11.0.16.1-sem/lib/default:/Users/holly/.sdkman/candidates/java/11.0.16.1-sem/lib"/>
    <property name="com.ibm.cpu.endian" value="little"/>
    <property name="java.fullversion" value="11.0.16.1-ea+1&#10;JRE 11 Mac OS X aarch64-64-Bit 20220817_119 (JIT enabled, AOT enabled)&#10;OpenJ9   - 1d9d16830&#10;OMR      - b58aa2708&#10;JCL      - 84b84a0409 based on jdk-11.0.16.1+1"/>
    <property name="java.runtime.version" value="11.0.16.1-ea+1"/>
    <property name="user.name" value="holly"/>
    <property name="path.separator" value=":"/>
    <property name="os.version" value="14.0"/>
    <property name="java.runtime.name" value="IBM Semeru Runtime Open Edition"/>
    <property name="ibm.signalhandling.sigint" value="true"/>
    <property name="file.encoding" value="UTF-8"/>
    <property name="java.vm.name" value="Eclipse OpenJ9 VM"/>
    <property name="java.vendor.version" value="11.0.16.1"/>
    <property name="ibm.signalhandling.sigchain" value="true"/>
    <property name="localRepository" value="/Users/holly/.m2/repository"/>
    <property name="java.vendor.url.bug" value="https://github.com/ibmruntimes/Semeru-Runtimes/issues"/>
    <property name="java.io.tmpdir" value="/var/folders/pl/73y4tg0j0yl259wgg84hgzbh0000gn/T/"/>
    <property name="java.version" value="11.0.16.1-ea"/>
    <property name="com.ibm.system.agent.path" value="/Users/holly/.sdkman/candidates/java/11.0.16.1-sem/lib"/>
    <property name="user.dir" value="/Users/holly/code/src/github.com/techcobweb/openapi2beans/JavaChecker"/>
    <property name="os.arch" value="aarch64"/>
    <property name="java.vm.specification.name" value="Java Virtual Machine Specification"/>
    <property name="java.awt.printerjob" value="sun.lwawt.macosx.CPrinterJob"/>
    <property name="os.encoding" value="UTF-8"/>
    <property name="java.library.path" value="/Users/holly/.sdkman/candidates/java/11.0.16.1-sem/lib/default:/Users/holly/.sdkman/candidates/java/11.0.16.1-sem/lib:/usr/lib"/>
    <property name="java.vm.info" value="JRE 11 Mac OS X aarch64-64-Bit 20220817_119 (JIT enabled, AOT enabled)&#10;OpenJ9   - 1d9d16830&#10;OMR      - b58aa2708&#10;JCL      - 84b84a0409 based on jdk-11.0.16.1+1"/>
    <property name="java.vendor" value="IBM Corporation"/>
    <property name="java.vm.version" value="openj9-0.33.1"/>
    <property name="ibm.system.encoding" value="UTF-8"/>
    <property name="com.ibm.jcl.checkClassPath" value=""/>
    <property name="sun.io.unicode.encoding" value="UnicodeLittle"/>
    <property name="java.class.version" value="55.0"/>
  </properties>
  <testcase name="TestCanSerialiseTheBean" classname="dev.galasa.openapi2beans.example.TestBeanForTestingAllPrimitivePropertyTypes" time="0.0"/>
</testsuite>